<?xml version="1.0" encoding="UTF-8" ?>
<testsuite failures="0" time="7.846" errors="0" skipped="0" tests="3" name="se.avegagroup.clustercontrol.integration.WorkerStatusTest">
  <properties>
[...]
</properties>
  <testcase time="3.735" classname="se.avegagroup.clustercontrol.integration.WorkerStatusTest" name="testActivateUnmarshall"/>
  <testcase time="3.6" classname="se.avegagroup.clustercontrol.integration.WorkerStatusTest" name="testDisableUnmarshall"/>
  <testcase time="0.51" classname="se.avegagroup.clustercontrol.integration.WorkerStatusTest" name="testGetStatusUnmarshall"/>
</testsuite>